GymGameApp/Library/Bee/Android/Prj/IL2CPP/Gradle/unityLibrary/build/intermediates/manifest_merge_blame_file/release/processReleaseManifest/manifest-merger-blame-release-report.txt
1<?xml version="1.0" encoding="utf-8"?>
2<manifest xmlns:android="http://schemas.android.com/apk/res/android"
3    xmlns:tools="http://schemas.android.com/tools"
4    package="com.unity3d.player"
5    android:versionCode="1"
6    android:versionName="1.0" >
7
8    <uses-sdk android:minSdkVersion="25" />
9
10    <uses-permission android:name="android.permission.INTERNET" />
10-->src\main\AndroidManifest.xml:3:3-65
10-->src\main\AndroidManifest.xml:3:20-62
11
12    <uses-feature android:glEsVersion="0x00030000" />
12-->src\main\AndroidManifest.xml:4:3-52
12-->src\main\AndroidManifest.xml:4:17-49
13    <uses-feature
13-->src\main\AndroidManifest.xml:5:3-91
14        android:name="android.hardware.vulkan.version"
14-->src\main\AndroidManifest.xml:5:17-63
15        android:required="false" />
15-->src\main\AndroidManifest.xml:5:64-88
16    <uses-feature
16-->src\main\AndroidManifest.xml:6:3-88
17        android:name="android.hardware.touchscreen"
17-->src\main\AndroidManifest.xml:6:17-60
18        android:required="false" />
18-->src\main\AndroidManifest.xml:6:61-85
19    <uses-feature
19-->src\main\AndroidManifest.xml:7:3-99
20        android:name="android.hardware.touchscreen.multitouch"
20-->src\main\AndroidManifest.xml:7:17-71
21        android:required="false" />
21-->src\main\AndroidManifest.xml:7:72-96
22    <uses-feature
22-->src\main\AndroidManifest.xml:8:3-108
23        android:name="android.hardware.touchscreen.multitouch.distinct"
23-->src\main\AndroidManifest.xml:8:17-80
24        android:required="false" />
24-->src\main\AndroidManifest.xml:8:81-105
25
26    <application
26-->src\main\AndroidManifest.xml:9:3-30:17
27        android:appCategory="game"
27-->src\main\AndroidManifest.xml:9:16-42
28        android:enableOnBackInvokedCallback="false"
28-->src\main\AndroidManifest.xml:9:43-86
29        android:extractNativeLibs="true"
29-->src\main\AndroidManifest.xml:9:87-119
30        android:icon="@mipmap/app_icon"
30-->src\main\AndroidManifest.xml:9:120-151
31        android:label="@string/app_name" >
31-->src\main\AndroidManifest.xml:9:152-184
32        <service
32-->src\main\AndroidManifest.xml:10:5-167
33            android:name="com.google.firebase.messaging.MessageForwardingService"
33-->src\main\AndroidManifest.xml:10:38-107
34            android:exported="true"
34-->src\main\AndroidManifest.xml:10:14-37
35            android:permission="android.permission.BIND_JOB_SERVICE" />
35-->src\main\AndroidManifest.xml:10:108-164
36
37        <meta-data
37-->src\main\AndroidManifest.xml:11:5-69
38            android:name="unity.splash-mode"
38-->src\main\AndroidManifest.xml:11:16-48
39            android:value="0" />
39-->src\main\AndroidManifest.xml:11:49-66
40        <meta-data
40-->src\main\AndroidManifest.xml:12:5-74
41            android:name="unity.splash-enable"
41-->src\main\AndroidManifest.xml:12:16-50
42            android:value="True" />
42-->src\main\AndroidManifest.xml:12:51-71
43        <meta-data
43-->src\main\AndroidManifest.xml:13:5-78
44            android:name="unity.launch-fullscreen"
44-->src\main\AndroidManifest.xml:13:16-54
45            android:value="True" />
45-->src\main\AndroidManifest.xml:13:55-75
46        <meta-data
46-->src\main\AndroidManifest.xml:14:5-84
47            android:name="unity.render-outside-safearea"
47-->src\main\AndroidManifest.xml:14:16-60
48            android:value="True" />
48-->src\main\AndroidManifest.xml:14:61-81
49        <meta-data
49-->src\main\AndroidManifest.xml:15:5-81
50            android:name="notch.config"
50-->src\main\AndroidManifest.xml:15:16-43
51            android:value="portrait|landscape" />
51-->src\main\AndroidManifest.xml:15:44-78
52        <meta-data
52-->src\main\AndroidManifest.xml:16:5-84
53            android:name="unity.auto-report-fully-drawn"
53-->src\main\AndroidManifest.xml:16:16-60
54            android:value="true" />
54-->src\main\AndroidManifest.xml:16:61-81
55        <meta-data
55-->src\main\AndroidManifest.xml:17:5-78
56            android:name="unity.strip-engine-code"
56-->src\main\AndroidManifest.xml:17:16-54
57            android:value="true" />
57-->src\main\AndroidManifest.xml:17:55-75
58        <meta-data
58-->src\main\AndroidManifest.xml:18:5-80
59            android:name="unity.auto-set-game-state"
59-->src\main\AndroidManifest.xml:18:16-56
60            android:value="true" />
60-->src\main\AndroidManifest.xml:18:57-77
61
62        <activity
62-->src\main\AndroidManifest.xml:19:5-29:16
63            android:name="com.google.firebase.MessagingUnityPlayerActivity"
63-->src\main\AndroidManifest.xml:19:289-352
64            android:configChanges="mcc|mnc|locale|touchscreen|keyboard|keyboardHidden|navigation|orientation|screenLayout|uiMode|screenSize|smallestScreenSize|fontScale|layoutDirection|density"
64-->src\main\AndroidManifest.xml:19:15-196
65            android:exported="true"
65-->src\main\AndroidManifest.xml:19:197-220
66            android:hardwareAccelerated="false"
66-->src\main\AndroidManifest.xml:19:221-256
67            android:launchMode="singleTask"
67-->src\main\AndroidManifest.xml:19:257-288
68            android:resizeableActivity="true"
68-->src\main\AndroidManifest.xml:19:353-386
69            android:screenOrientation="userLandscape"
69-->src\main\AndroidManifest.xml:19:387-428
70            android:theme="@style/BaseUnityGameActivityTheme" >
70-->src\main\AndroidManifest.xml:19:429-478
71            <intent-filter>
71-->src\main\AndroidManifest.xml:20:7-23:23
72                <category android:name="android.intent.category.LAUNCHER" />
72-->src\main\AndroidManifest.xml:21:9-69
72-->src\main\AndroidManifest.xml:21:19-66
73
74                <action android:name="android.intent.action.MAIN" />
74-->src\main\AndroidManifest.xml:22:9-61
74-->src\main\AndroidManifest.xml:22:17-58
75            </intent-filter>
76
77            <meta-data
77-->src\main\AndroidManifest.xml:24:7-82
78                android:name="unityplayer.UnityActivity"
78-->src\main\AndroidManifest.xml:24:18-58
79                android:value="true" />
79-->src\main\AndroidManifest.xml:24:59-79
80            <meta-data
80-->src\main\AndroidManifest.xml:25:7-130
81                android:name="WindowManagerPreference:FreeformWindowSize"
81-->src\main\AndroidManifest.xml:25:18-75
82                android:value="@string/FreeformWindowSize_maximize" />
82-->src\main\AndroidManifest.xml:25:76-127
83            <meta-data
83-->src\main\AndroidManifest.xml:26:7-145
84                android:name="WindowManagerPreference:FreeformWindowOrientation"
84-->src\main\AndroidManifest.xml:26:18-82
85                android:value="@string/FreeformWindowOrientation_landscape" />
85-->src\main\AndroidManifest.xml:26:83-142
86            <meta-data
86-->src\main\AndroidManifest.xml:27:7-70
87                android:name="notch_support"
87-->src\main\AndroidManifest.xml:27:18-46
88                android:value="true" />
88-->src\main\AndroidManifest.xml:27:47-67
89
90            <layout
90-->src\main\AndroidManifest.xml:28:7-68
91                android:minHeight="300px"
91-->src\main\AndroidManifest.xml:28:15-40
92                android:minWidth="400px" />
92-->src\main\AndroidManifest.xml:28:41-65
93        </activity>
94    </application>
95
96</manifest>